  main.cpp
c:\users\administrator\documents\visual studio 2015\projects\rampool\rampool\AllocateManager.h(32): warning C4018: “<”: 有符号/无符号不匹配
  c:\users\administrator\documents\visual studio 2015\projects\rampool\rampool\AllocateManager.h(30): note: 编译类 模板 成员函数“void AllocateManager<Test,std::allocator<Test>>::destroy(T *,std::size_t)”时
          with
          [
              T=Test
          ]
  main.cpp(44): note: 参见对正在编译的函数 模板 实例化“void AllocateManager<Test,std::allocator<Test>>::destroy(T *,std::size_t)”的引用
          with
          [
              T=Test
          ]
  main.cpp(27): note: 参见对正在编译的类 模板 实例化“AllocateManager<Test,std::allocator<Test>>”的引用
c:\users\administrator\documents\visual studio 2015\projects\rampool\rampool\MemoryPool.h(143): warning C4624: “MemoryPool<Test,1024,4096>::Slot_”: 已将析构函数隐式定义为“已删除”
  c:\users\administrator\documents\visual studio 2015\projects\rampool\rampool\MemoryPool.h(27): note: 参见对正在编译的类 模板 实例化“MemoryPool<Test,1024,4096>::Slot_”的引用
  c:\users\administrator\documents\visual studio 2015\projects\rampool\rampool\MemoryPool.h(23): note: 编译类 模板 成员函数“MemoryPool<Test,1024,4096>::~MemoryPool(void)”时
  main.cpp(20): note: 参见对正在编译的函数 模板 实例化“MemoryPool<Test,1024,4096>::~MemoryPool(void)”的引用
  c:\users\administrator\documents\visual studio 2015\projects\rampool\rampool\AllocateManager.h(9): note: 参见对正在编译的类 模板 实例化“MemoryPool<Test,1024,4096>”的引用
  正在生成代码
  17 of 238 functions ( 7.1%) were compiled, the rest were copied from previous compilation.
    7 functions were new in current compilation
    8 functions had inline decision re-evaluated but remain unchanged
  已完成代码的生成
  RamPool.vcxproj -> C:\Users\Administrator\documents\visual studio 2015\Projects\RamPool\Release\RamPool.exe
  RamPool.vcxproj -> C:\Users\Administrator\documents\visual studio 2015\Projects\RamPool\Release\RamPool.pdb (Full PDB)
